<?xml version="1.0" encoding="UTF-8"?>
<!-- Generated by org.testng.reporters.JUnitReportReporter -->
<testsuite skipped="0" hostname="ATMECSINLT-002" name="com.yatra.testscript.ValidateUserDetails" tests="15" failures="0" timestamp="2019-09-17T14:01:25 IST" time="56.255" errors="0">
  <testcase name="bookingInforamtion" time="30.608" classname="com.yatra.testscript.ValidateUserDetails"/>
  <testcase name="sortedByRating" time="10.430" classname="com.yatra.testscript.ValidateUserDetails"/>
  <testcase name="hotelSelection" time="1.142" classname="com.yatra.testscript.ValidateUserDetails"/>
  <testcase name="switchToHotelTab" time="0.063" classname="com.yatra.testscript.ValidateUserDetails"/>
  <testcase name="selectRooms" time="7.815" classname="com.yatra.testscript.ValidateUserDetails"/>
  <testcase name="userInformation" time="2.468" classname="com.yatra.testscript.ValidateUserDetails"/>
  <testcase name="paymentPageInformation" time="3.714" classname="com.yatra.testscript.ValidateUserDetails"/>
  <testcase name="validateName" time="0.006" classname="com.yatra.testscript.ValidateUserDetails"/>
  <testcase name="validateCost" time="0.002" classname="com.yatra.testscript.ValidateUserDetails"/>
  <testcase name="validatePlace" time="0.001" classname="com.yatra.testscript.ValidateUserDetails"/>
  <testcase name="validateRating" time="0.002" classname="com.yatra.testscript.ValidateUserDetails"/>
  <testcase name="validateSortByRatings" time="0.001" classname="com.yatra.testscript.ValidateUserDetails"/>
  <testcase name="validateCheckIn" time="0.002" classname="com.yatra.testscript.ValidateUserDetails"/>
  <testcase name="validateTotalRooms" time="0.001" classname="com.yatra.testscript.ValidateUserDetails"/>
  <testcase name="validateTotalMembers" time="0.000" classname="com.yatra.testscript.ValidateUserDetails"/>
</testsuite> <!-- com.yatra.testscript.ValidateUserDetails -->
