<?xml version="1.0" encoding="UTF-8"?>
<!-- Generated by org.testng.reporters.JUnitReportReporter -->
<testsuite skipped="0" hostname="ATMECSINLT-002" name="com.yatra.testscript.ValidateSorting" tests="15" failures="0" timestamp="2019-09-16T13:12:01 IST" time="51.680" errors="0">
  <testcase name="bookingInforamtion" time="19.866" classname="com.yatra.testscript.ValidateSorting"/>
  <testcase name="sortedByRating" time="13.416" classname="com.yatra.testscript.ValidateSorting"/>
  <testcase name="hotelSelection" time="1.460" classname="com.yatra.testscript.ValidateSorting"/>
  <testcase name="switchToHotelTab" time="0.100" classname="com.yatra.testscript.ValidateSorting"/>
  <testcase name="selectRooms" time="6.022" classname="com.yatra.testscript.ValidateSorting"/>
  <testcase name="userInformation" time="4.334" classname="com.yatra.testscript.ValidateSorting"/>
  <testcase name="paymentPageInformation" time="6.444" classname="com.yatra.testscript.ValidateSorting"/>
  <testcase name="validateName" time="0.011" classname="com.yatra.testscript.ValidateSorting"/>
  <testcase name="validateCost" time="0.003" classname="com.yatra.testscript.ValidateSorting"/>
  <testcase name="validatePlace" time="0.003" classname="com.yatra.testscript.ValidateSorting"/>
  <testcase name="validateRating" time="0.003" classname="com.yatra.testscript.ValidateSorting"/>
  <testcase name="validateSortByRatings" time="0.006" classname="com.yatra.testscript.ValidateSorting"/>
  <testcase name="validateCheckIn" time="0.004" classname="com.yatra.testscript.ValidateSorting"/>
  <testcase name="validateTotalRooms" time="0.004" classname="com.yatra.testscript.ValidateSorting"/>
  <testcase name="validateTotalMembers" time="0.004" classname="com.yatra.testscript.ValidateSorting"/>
</testsuite> <!-- com.yatra.testscript.ValidateSorting -->
