<?xml version="1.0" encoding="UTF-8"?>
<!-- Generated by org.testng.reporters.JUnitReportReporter -->
<testsuite skipped="0" hostname="ATMECSINLT-002" name="com.yatra.testscript.BookingDetails" tests="6" failures="0" timestamp="2019-09-12T16:03:31 IST" time="55.131" errors="0">
  <testcase name="HomePagebookingDetails" time="20.171" classname="com.yatra.testscript.BookingDetails"/>
  <testcase name="selectHotel" time="4.517" classname="com.yatra.testscript.BookingDetails"/>
  <testcase name="switchToNextTab" time="0.105" classname="com.yatra.testscript.BookingDetails"/>
  <testcase name="selectAndBookRoom" time="5.982" classname="com.yatra.testscript.BookingDetails"/>
  <testcase name="userDetails" time="4.101" classname="com.yatra.testscript.BookingDetails"/>
  <testcase name="paymentPage" time="20.255" classname="com.yatra.testscript.BookingDetails"/>
</testsuite> <!-- com.yatra.testscript.BookingDetails -->
