<?xml version="1.0" encoding="UTF-8"?>
<!-- Generated by org.testng.reporters.JUnitReportReporter -->
<testsuite skipped="0" hostname="ATMECSINLT-002" name="com.yatra.base.ValidationScript" tests="15" failures="0" timestamp="2019-09-13T15:22:40 IST" time="50.985" errors="0">
  <testcase name="HomePagebookingDetails" time="23.304" classname="com.yatra.base.ValidationScript"/>
  <testcase name="HotelRating" time="10.191" classname="com.yatra.base.ValidationScript"/>
  <testcase name="selectHotel" time="1.153" classname="com.yatra.base.ValidationScript"/>
  <testcase name="switchToNextTab" time="0.065" classname="com.yatra.base.ValidationScript"/>
  <testcase name="selectAndBookRoom" time="5.598" classname="com.yatra.base.ValidationScript"/>
  <testcase name="userDetails" time="4.266" classname="com.yatra.base.ValidationScript"/>
  <testcase name="paymentPage" time="6.372" classname="com.yatra.base.ValidationScript"/>
  <testcase name="validateHotelNameAtBookingPage" time="0.006" classname="com.yatra.base.ValidationScript"/>
  <testcase name="validateHotelNameAtPaymentPage" time="0.004" classname="com.yatra.base.ValidationScript"/>
  <testcase name="validateLocationAtBookingPage" time="0.002" classname="com.yatra.base.ValidationScript"/>
  <testcase name="validateLocationAtPaymentPage" time="0.002" classname="com.yatra.base.ValidationScript"/>
  <testcase name="validateSelectedHotelRating" time="0.004" classname="com.yatra.base.ValidationScript"/>
  <testcase name="validateHotelCostAtPayment" time="0.006" classname="com.yatra.base.ValidationScript"/>
  <testcase name="validateHotelCostAtUPI" time="0.008" classname="com.yatra.base.ValidationScript"/>
  <testcase name="validateHotelRating" time="0.004" classname="com.yatra.base.ValidationScript"/>
</testsuite> <!-- com.yatra.base.ValidationScript -->
